============================================================
Time  2017/05/28 08:16:12 567 
============================================================
[2017/05/28 08:16:12 567] isr_1conn  2088 SYS_MSG_LOAD_CLOUD  
[2017/05/28 08:16:12 568] isr_1conn  2109 SYS_MSG_REGCB_CLOUD param0 =   msp_status_cb  param1 =  func(7504c390) 
[2017/05/28 08:16:12 568] isr_1conn  2109 SYS_MSG_REGCB_CLOUD param0 =   cloud_rslt_cb  param1 =  func(7504d070) 
[2017/05/28 08:16:12 568] isr_1conn  2109 SYS_MSG_REGCB_CLOUD param0 =   cloud_err_cb  param1 =  func(7504d1a0) 
[2017/05/28 08:16:12 569] isr_1conn  2109 SYS_MSG_REGCB_CLOUD param0 =   cloud_status_cb  param1 =  func(7504d260) 
[2017/05/28 08:16:12 569] isr_1conn  1382 onesoc  
[2017/05/28 08:16:12 569] isr_1conn  1383 ASR_CLOUD_MSG_SSB  
[2017/05/28 08:16:12 569] isr_1conn  1398 isr_1conn  cloud_cisr1PdHHBHe0YjBaDYsaaHzqlL5kkeC9l  268436457  1428405382  
[2017/05/28 08:16:12 570] isr_1conn  1466 not login!  
[2017/05/28 08:16:12 570] isr_1conn  1578 nil  
[2017/05/28 08:16:12 570] isr_1conn  1647 speex-wb  
[2017/05/28 08:16:12 570] isr_1conn  1713 once bytes  122  
[2017/05/28 08:16:12 572] isr_1conn  1734 User set url is   nil  
[2017/05/28 08:16:12 572] transport  596  paramkvsport is   nil  
[2017/05/28 08:16:12 572] transport  801  net type:  standard  
[2017/05/28 08:16:12 572] transport  802  net operator:  def  
[2017/05/28 08:16:12 572] transport  803  use proxy:  false  
[2017/05/28 08:16:12 575] network    85   ipfromenv ,  ipcache  dev.voicecloud.cn  def  59.107.24.11  
[2017/05/28 08:16:12 575] transport  998  using cached ip:  59.107.24.11  
[2017/05/28 08:16:12 575] transport  1033 ns_i =  nil  
[2017/05/28 08:16:12 575] transport  1108 [soc] connect   59.107.24.11  80  
[2017/05/28 08:16:12 576] isr_1conn  1915 ASR_CLOUD_MSG_SSE  
[2017/05/28 08:16:12 579] isr_1conn  1250 isr_1conn session info  
[2017/05/28 08:16:12 583] isr_1conn  2059 session finished! ret =   10131  
