============================================================
Time  2017/05/28 08:27:02 433 
============================================================
[2017/05/28 08:27:02 434] isr_1conn  2088 SYS_MSG_LOAD_CLOUD  
[2017/05/28 08:27:02 434] isr_1conn  2109 SYS_MSG_REGCB_CLOUD param0 =   msp_status_cb  param1 =  func(73e9b880) 
[2017/05/28 08:27:02 435] isr_1conn  2109 SYS_MSG_REGCB_CLOUD param0 =   cloud_rslt_cb  param1 =  func(73e9c560) 
[2017/05/28 08:27:02 435] isr_1conn  2109 SYS_MSG_REGCB_CLOUD param0 =   cloud_err_cb  param1 =  func(73e9c690) 
[2017/05/28 08:27:02 436] isr_1conn  2109 SYS_MSG_REGCB_CLOUD param0 =   cloud_status_cb  param1 =  func(73e9c750) 
[2017/05/28 08:27:02 437] isr_1conn  1382 onesoc  
[2017/05/28 08:27:02 437] isr_1conn  1383 ASR_CLOUD_MSG_SSB  
[2017/05/28 08:27:02 437] isr_1conn  1398 isr_1conn  cloud_cisr1PdHHBHe0YOb1unJaaHT0lP0CGkuvR  268436457  1428405382  
[2017/05/28 08:27:02 438] isr_1conn  1578 nil  
[2017/05/28 08:27:02 438] isr_1conn  1647 speex-wb  
[2017/05/28 08:27:02 438] isr_1conn  1713 once bytes  122  
[2017/05/28 08:27:02 439] isr_1conn  1734 User set url is   nil  
[2017/05/28 08:27:02 439] transport  596  paramkvsport is   nil  
[2017/05/28 08:27:02 439] transport  801  net type:  standard  
[2017/05/28 08:27:02 439] transport  802  net operator:  def  
[2017/05/28 08:27:02 439] transport  803  use proxy:  false  
[2017/05/28 08:27:02 442] network    85   ipfromenv ,  ipcache  dev.voicecloud.cn  def  117.121.21.150  
[2017/05/28 08:27:02 443] transport  998  using cached ip:  117.121.21.150  
[2017/05/28 08:27:02 443] transport  1033 ns_i =  nil  
[2017/05/28 08:27:02 443] transport  1108 [soc] connect   117.121.21.150  80  
[2017/05/28 08:27:02 444] isr_1conn  1915 ASR_CLOUD_MSG_SSE  
[2017/05/28 08:27:02 447] isr_1conn  1250 isr_1conn session info  
[2017/05/28 08:27:02 451] isr_1conn  2059 session finished! ret =   10131  
