============================================================
Time  2017/05/28 08:21:44 056 
============================================================
[2017/05/28 08:21:44 057] isr_1conn  2088 SYS_MSG_LOAD_CLOUD  
[2017/05/28 08:21:44 057] isr_1conn  2109 SYS_MSG_REGCB_CLOUD param0 =   msp_status_cb  param1 =  func(74f4c3a8) 
[2017/05/28 08:21:44 058] isr_1conn  2109 SYS_MSG_REGCB_CLOUD param0 =   cloud_rslt_cb  param1 =  func(74f4d088) 
[2017/05/28 08:21:44 058] isr_1conn  2109 SYS_MSG_REGCB_CLOUD param0 =   cloud_err_cb  param1 =  func(74f4d1b8) 
[2017/05/28 08:21:44 058] isr_1conn  2109 SYS_MSG_REGCB_CLOUD param0 =   cloud_status_cb  param1 =  func(74f4d278) 
[2017/05/28 08:21:44 059] isr_1conn  1382 onesoc  
[2017/05/28 08:21:44 059] isr_1conn  1383 ASR_CLOUD_MSG_SSB  
[2017/05/28 08:21:44 059] isr_1conn  1398 isr_1conn  cloud_cisr1PdHHBHe0Y4Nw6vWaal+bwkJPHY0ZN  268436457  1428405382  
[2017/05/28 08:21:44 059] isr_1conn  1466 not login!  
[2017/05/28 08:21:44 059] isr_1conn  1578 nil  
[2017/05/28 08:21:44 059] isr_1conn  1647 speex-wb  
[2017/05/28 08:21:44 060] isr_1conn  1713 once bytes  122  
[2017/05/28 08:21:44 060] isr_1conn  1734 User set url is   nil  
[2017/05/28 08:21:44 060] transport  596  paramkvsport is   nil  
[2017/05/28 08:21:44 060] transport  801  net type:  standard  
[2017/05/28 08:21:44 060] transport  802  net operator:  def  
[2017/05/28 08:21:44 060] transport  803  use proxy:  false  
[2017/05/28 08:21:44 063] network    85   ipfromenv ,  ipcache  dev.voicecloud.cn  def  117.121.21.146  
[2017/05/28 08:21:44 063] transport  998  using cached ip:  117.121.21.146  
[2017/05/28 08:21:44 063] transport  1033 ns_i =  nil  
[2017/05/28 08:21:44 064] transport  1108 [soc] connect   117.121.21.146  80  
[2017/05/28 08:21:44 065] isr_1conn  1915 ASR_CLOUD_MSG_SSE  
[2017/05/28 08:21:44 067] isr_1conn  1250 isr_1conn session info  
[2017/05/28 08:21:44 072] isr_1conn  2059 session finished! ret =   10131  
